D 06:57:04.6718711 NotifyOfCardGained: [name=Рецидивист cardId=DAL_749 type=MINION] NORMAL 1
D 06:57:04.6718711 NotifyOfCardGained: [name=Рецидивист cardId=DAL_749 type=MINION] NORMAL 1
D 06:57:04.6718711 NotifyOfCardGained: [name=Рецидивист cardId=DAL_749 type=MINION] NORMAL 1
D 06:57:04.6718711 NotifyOfCardGained: [name=Рецидивист cardId=DAL_749 type=MINION] NORMAL 1
D 06:57:04.6718711 NotifyOfCardGained: [name=Рецидивист cardId=DAL_749 type=MINION] NORMAL 1

D 19:50:26.6985020 NotifyOfCardGained: [name=Безликий яростень cardId=DAL_744 type=MINION] NORMAL 4
D 19:50:26.6985020 NotifyOfCardGained: [name=Безликий яростень cardId=DAL_744 type=MINION] GOLDEN 4
D 19:50:26.6985020 NotifyOfCardGained: [name=Безликий яростень cardId=DAL_744 type=MINION] NORMAL 4
D 19:50:26.6985020 NotifyOfCardGained: [name=Безликий яростень cardId=DAL_744 type=MINION] NORMAL 4
D 19:50:26.6985020 NotifyOfCardGained: [name=Безликий яростень cardId=DAL_744 type=MINION] NORMAL 4

D 19:50:26.6985020 NotifyOfCardGained: [name=Раза Плененный cardId=CFM_020 type=MINION] GOLDEN 4
D 19:50:26.6985020 NotifyOfCardGained: [name=Раза Плененный cardId=CFM_020 type=MINION] GOLDEN 4
D 19:50:26.6985020 NotifyOfCardGained: [name=Раза Плененный cardId=CFM_020 type=MINION] GOLDEN 4
D 19:50:26.6985020 NotifyOfCardGained: [name=Раза Плененный cardId=CFM_020 type=MINION] GOLDEN 4
D 19:50:26.6985020 NotifyOfCardGained: [name=Раза Плененный cardId=CFM_020 type=MINION] GOLDEN 4
D 06:57:04.6718711 NotifyOfCardGained: [name=Рецидивист cardId=DAL_749 type=MINION] NORMAL 1
D 06:57:04.6718711 NotifyOfCardGained: [name=Рецидивист cardId=DAL_749 type=MINION] NORMAL 1
D 06:57:04.6718711 NotifyOfCardGained: [name=Рецидивист cardId=DAL_749 type=MINION] NORMAL 1
D 06:57:04.6718711 NotifyOfCardGained: [name=Рецидивист cardId=DAL_749 type=MINION] NORMAL 1
D 06:57:04.6718711 NotifyOfCardGained: [name=Рецидивист cardId=DAL_749 type=MINION] NORMAL 1
D 06:57:04.6718711 NotifyOfCardGained: [name=Рецидивист cardId=DAL_749 type=MINION] NORMAL 1
D 06:57:04.6718711 NotifyOfCardGained: [name=Рецидивист cardId=DAL_749 type=MINION] NORMAL 1
D 06:57:04.6718711 NotifyOfCardGained: [name=Рецидивист cardId=DAL_749 type=MINION] NORMAL 1
D 06:57:04.6718711 NotifyOfCardGained: [name=Рецидивист cardId=DAL_749 type=MINION] NORMAL 1
D 06:57:04.6718711 NotifyOfCardGained: [name=Рецидивист cardId=DAL_749 type=MINION] NORMAL 1
D 06:57:04.6718711 NotifyOfCardGained: [name=Рецидивист cardId=DAL_749 type=MINION] NORMAL 1
D 06:57:04.6718711 NotifyOfCardGained: [name=Рецидивист cardId=DAL_749 type=MINION] NORMAL 1
D 06:57:04.6718711 NotifyOfCardGained: [name=Рецидивист cardId=DAL_749 type=MINION] NORMAL 1
D 06:57:04.6718711 NotifyOfCardGained: [name=Рецидивист cardId=DAL_749 type=MINION] NORMAL 1
D 06:57:04.6718711 NotifyOfCardGained: [name=Рецидивист cardId=DAL_749 type=MINION] NORMAL 1
D 06:57:04.6718711 NotifyOfCardGained: [name=Рецидивист cardId=DAL_749 type=MINION] NORMAL 1
D 06:57:04.6718711 NotifyOfCardGained: [name=Рецидивист cardId=DAL_749 type=MINION] NORMAL 1
D 06:57:04.6718711 NotifyOfCardGained: [name=Рецидивист cardId=DAL_749 type=MINION] NORMAL 1
D 06:57:04.6718711 NotifyOfCardGained: [name=Рецидивист cardId=DAL_749 type=MINION] NORMAL 1
D 06:57:04.6718711 NotifyOfCardGained: [name=Рецидивист cardId=DAL_749 type=MINION] NORMAL 1
D 06:57:04.6718711 NotifyOfCardGained: [name=Рецидивист cardId=DAL_749 type=MINION] NORMAL 1
D 06:57:04.6718711 NotifyOfCardGained: [name=Рецидивист cardId=DAL_749 type=MINION] NORMAL 1
D 06:57:04.6718711 NotifyOfCardGained: [name=Рецидивист cardId=DAL_749 type=MINION] NORMAL 1
D 06:57:04.6718711 NotifyOfCardGained: [name=Рецидивист cardId=DAL_749 type=MINION] NORMAL 1
D 06:57:04.6718711 NotifyOfCardGained: [name=Рецидивист cardId=DAL_749 type=MINION] NORMAL 1
D 06:57:04.6718711 NotifyOfCardGained: [name=Рецидивист cardId=DAL_749 type=MINION] NORMAL 1
D 06:57:04.6718711 NotifyOfCardGained: [name=Рецидивист cardId=DAL_749 type=MINION] NORMAL 1
D 06:57:04.6718711 NotifyOfCardGained: [name=Рецидивист cardId=DAL_749 type=MINION] NORMAL 1
D 06:57:04.6718711 NotifyOfCardGained: [name=Рецидивист cardId=DAL_749 type=MINION] NORMAL 1
D 06:57:04.6718711 NotifyOfCardGained: [name=Рецидивист cardId=DAL_749 type=MINION] NORMAL 1
D 06:57:04.6718711 NotifyOfCardGained: [name=Рецидивист cardId=DAL_749 type=MINION] NORMAL 1
D 06:57:04.6718711 NotifyOfCardGained: [name=Рецидивист cardId=DAL_749 type=MINION] NORMAL 1
D 06:57:04.6718711 NotifyOfCardGained: [name=Рецидивист cardId=DAL_749 type=MINION] NORMAL 1
D 06:57:04.6718711 NotifyOfCardGained: [name=Рецидивист cardId=DAL_749 type=MINION] NORMAL 1
D 06:57:04.6718711 NotifyOfCardGained: [name=Рецидивист cardId=DAL_749 type=MINION] NORMAL 1
D 06:57:04.6718711 NotifyOfCardGained: [name=Рецидивист cardId=DAL_749 type=MINION] NORMAL 1
D 06:57:04.6718711 NotifyOfCardGained: [name=Рецидивист cardId=DAL_749 type=MINION] NORMAL 1
D 06:57:04.6718711 NotifyOfCardGained: [name=Рецидивист cardId=DAL_749 type=MINION] NORMAL 1
D 06:57:04.6718711 NotifyOfCardGained: [name=Рецидивист cardId=DAL_749 type=MINION] GOLDEN 1
D 06:57:04.6718711 NotifyOfCardGained: [name=Рецидивист cardId=DAL_749 type=MINION] NORMAL 1
D 06:57:04.6718711 NotifyOfCardGained: [name=Рецидивист cardId=DAL_749 type=MINION] NORMAL 1
D 06:57:04.6718711 NotifyOfCardGained: [name=Рецидивист cardId=DAL_749 type=MINION] NORMAL 1
D 06:57:04.6718711 NotifyOfCardGained: [name=Рецидивист cardId=DAL_749 type=MINION] NORMAL 1
D 06:57:04.6718711 NotifyOfCardGained: [name=Рецидивист cardId=DAL_749 type=MINION] NORMAL 1
D 06:57:04.6718711 NotifyOfCardGained: [name=Рецидивист cardId=DAL_749 type=MINION] NORMAL 1
D 06:57:04.6718711 NotifyOfCardGained: [name=Рецидивист cardId=DAL_749 type=MINION] NORMAL 1
D 06:57:04.6718711 NotifyOfCardGained: [name=Рецидивист cardId=DAL_749 type=MINION] NORMAL 1
D 06:57:04.6718711 NotifyOfCardGained: [name=Рецидивист cardId=DAL_749 type=MINION] NORMAL 1
D 06:57:04.6718711 NotifyOfCardGained: [name=Рецидивист cardId=DAL_749 type=MINION] NORMAL 1
D 06:57:04.6718711 NotifyOfCardGained: [name=Рецидивист cardId=DAL_749 type=MINION] NORMAL 1
D 19:50:26.6985020 NotifyOfCardGained: [name=Безликий яростень cardId=DAL_744 type=MINION] NORMAL 4
D 19:50:26.6985020 NotifyOfCardGained: [name=Безликий яростень cardId=DAL_744 type=MINION] NORMAL 4
D 19:50:26.6985020 NotifyOfCardGained: [name=Безликий яростень cardId=DAL_744 type=MINION] NORMAL 4
D 19:50:26.6985020 NotifyOfCardGained: [name=Безликий яростень cardId=DAL_744 type=MINION] NORMAL 4
D 19:50:26.6985020 NotifyOfCardGained: [name=Безликий яростень cardId=DAL_744 type=MINION] NORMAL 4
D 19:50:26.6985020 NotifyOfCardGained: [name=Безликий яростень cardId=DAL_744 type=MINION] NORMAL 4
D 19:50:26.6985020 NotifyOfCardGained: [name=Безликий яростень cardId=DAL_744 type=MINION] NORMAL 4
D 19:50:26.6985020 NotifyOfCardGained: [name=Безликий яростень cardId=DAL_744 type=MINION] NORMAL 4
D 19:50:26.6985020 NotifyOfCardGained: [name=Безликий яростень cardId=DAL_744 type=MINION] NORMAL 4
D 19:50:26.6985020 NotifyOfCardGained: [name=Безликий яростень cardId=DAL_744 type=MINION] NORMAL 4
D 19:50:26.6985020 NotifyOfCardGained: [name=Раза Плененный cardId=CFM_020 type=MINION] GOLDEN 4
D 19:50:26.6985020 NotifyOfCardGained: [name=Раза Плененный cardId=CFM_020 type=MINION] GOLDEN 4
D 19:50:26.6985020 NotifyOfCardGained: [name=Раза Плененный cardId=CFM_020 type=MINION] GOLDEN 4
D 19:50:26.6985020 NotifyOfCardGained: [name=Раза Плененный cardId=CFM_020 type=MINION] GOLDEN 4
D 19:50:26.6985020 NotifyOfCardGained: [name=Раза Плененный cardId=CFM_020 type=MINION] NORMAL 4
